0 info it worked if it ends with ok
1 verbose cli [ 'node', '/usr/local/bin/npm', 'shrinkwrap' ]
2 info using npm@1.4.8
3 info using node@v0.10.27
4 error Error: Problems were encountered
4 error Please correct and try again.
4 error extraneous: pg-cursor@0.2.0 /Users/thomjoy/code/sydney-buses/node_modules/pg-cursor
4 error extraneous: mongoskin@0.6.0 /Users/thomjoy/code/sydney-buses/node_modules/mongoskin
4 error extraneous: pg@3.3.0 /Users/thomjoy/code/sydney-buses/node_modules/pg
4 error     at shrinkwrap_ (/usr/local/lib/node_modules/npm/lib/shrinkwrap.js:30:15)
4 error     at /usr/local/lib/node_modules/npm/lib/shrinkwrap.js:24:5
4 error     at /usr/local/lib/node_modules/npm/lib/ls.js:44:30
4 error     at /usr/local/lib/node_modules/npm/node_modules/read-installed/read-installed.js:130:5
4 error     at /usr/local/lib/node_modules/npm/node_modules/read-installed/read-installed.js:258:14
4 error     at cb (/usr/local/lib/node_modules/npm/node_modules/slide/lib/async-map.js:48:11)
4 error     at /usr/local/lib/node_modules/npm/node_modules/read-installed/read-installed.js:258:14
4 error     at cb (/usr/local/lib/node_modules/npm/node_modules/slide/lib/async-map.js:48:11)
4 error     at /usr/local/lib/node_modules/npm/node_modules/read-installed/read-installed.js:258:14
4 error     at cb (/usr/local/lib/node_modules/npm/node_modules/slide/lib/async-map.js:48:11)
5 error If you need help, you may report this *entire* log,
5 error including the npm and node versions, at:
5 error     <http://github.com/npm/npm/issues>
6 error System Darwin 13.2.0
7 error command "node" "/usr/local/bin/npm" "shrinkwrap"
8 error cwd /Users/thomjoy/code/sydney-buses
9 error node -v v0.10.27
10 error npm -v 1.4.8
11 verbose exit [ 1, true ]
